0 info it worked if it ends with ok
1 verbose cli [ 'node', '/usr/local/bin/npm', 'install', 'ngAnimate', '--save' ]
2 info using npm@1.4.3
3 info using node@v0.10.26
4 warn package.json FullMean_Customers-Orders@0.0.1 No description
5 warn package.json FullMean_Customers-Orders@0.0.1 No repository field.
6 warn package.json FullMean_Customers-Orders@0.0.1 No README data
7 warn package.json fs@0.0.2 fs is also the name of a node core module.
8 warn package.json fs@0.0.2 No description
9 warn package.json fs@0.0.2 No repository field.
10 verbose readDependencies using package.json deps
11 verbose cache add [ 'ngAnimate', null ]
12 verbose cache add name=undefined spec="ngAnimate" args=["ngAnimate",null]
13 verbose parsed url { protocol: null,
13 verbose parsed url   slashes: null,
13 verbose parsed url   auth: null,
13 verbose parsed url   host: null,
13 verbose parsed url   port: null,
13 verbose parsed url   hostname: null,
13 verbose parsed url   hash: null,
13 verbose parsed url   search: null,
13 verbose parsed url   query: null,
13 verbose parsed url   pathname: 'ngAnimate',
13 verbose parsed url   path: 'ngAnimate',
13 verbose parsed url   href: 'ngAnimate' }
14 silly lockFile 1759ddfb-ngAnimate ngAnimate
15 verbose lock ngAnimate /Users/lilevan22/.npm/1759ddfb-ngAnimate.lock
16 silly lockFile 1759ddfb-ngAnimate ngAnimate
17 silly lockFile 1759ddfb-ngAnimate ngAnimate
18 verbose addNamed [ 'ngAnimate', '' ]
19 verbose addNamed [ null, '*' ]
20 silly lockFile 1d5e21ce-ngAnimate ngAnimate@
21 verbose lock ngAnimate@ /Users/lilevan22/.npm/1d5e21ce-ngAnimate.lock
22 silly addNameRange { name: 'ngAnimate', range: '*', hasData: false }
23 verbose url raw ngAnimate
24 verbose url resolving [ 'https://registry.npmjs.org/', './ngAnimate' ]
25 verbose url resolved https://registry.npmjs.org/ngAnimate
26 info trying registry request attempt 1 at 20:19:30
27 http GET https://registry.npmjs.org/ngAnimate
28 http 404 https://registry.npmjs.org/ngAnimate
29 silly registry.get cb [ 404,
29 silly registry.get   { server: 'CouchDB/1.5.0 (Erlang OTP/R16B03)',
29 silly registry.get     'content-type': 'application/json',
29 silly registry.get     'cache-control': 'max-age=0',
29 silly registry.get     'content-length': '51',
29 silly registry.get     'accept-ranges': 'bytes',
29 silly registry.get     date: 'Fri, 17 Jul 2015 03:19:30 GMT',
29 silly registry.get     via: '1.1 varnish',
29 silly registry.get     age: '0',
29 silly registry.get     connection: 'keep-alive',
29 silly registry.get     'x-served-by': 'cache-lax1435-LAX',
29 silly registry.get     'x-cache': 'MISS',
29 silly registry.get     'x-cache-hits': '0',
29 silly registry.get     'x-timer': 'S1437103170.237650,VS0,VE47' } ]
30 silly lockFile 1d5e21ce-ngAnimate ngAnimate@
31 silly lockFile 1d5e21ce-ngAnimate ngAnimate@
32 error 404 'ngAnimate' is not in the npm registry.
32 error 404 You should bug the author to publish it
32 error 404 It was specified as a dependency of 'FullMean_Customers-Orders'
32 error 404
32 error 404 Note that you can also install from a
32 error 404 tarball, folder, or http url, or git url.
33 error System Darwin 14.3.0
34 error command "node" "/usr/local/bin/npm" "install" "ngAnimate" "--save"
35 error cwd /Users/lilevan22/Desktop/Viviso Node/angular.js_store_2.0
36 error node -v v0.10.26
37 error npm -v 1.4.3
38 error code E404
39 verbose exit [ 1, true ]
